--progress is a global compose flag, better use `docker compose --progress xx build ...
time="2026-07-12T16:15:47+05:30" level=warning msg="/home/shreyansh/Desktop/Coding/Development/Project/transit-ops/docker-compose.yml: the attribute `version` is obsolete, it will be ignored, please remove it to avoid potential confusion"
 Image transit-ops-backend Building 
#1 [internal] load local bake definitions
#1 reading from stdin 604B done
#1 DONE 0.0s

#2 [internal] load build definition from Dockerfile
#2 transferring dockerfile: 447B done
#2 DONE 0.0s

#3 [internal] load metadata for docker.io/library/golang:1.23-alpine
#3 ...

#4 [internal] load metadata for docker.io/library/alpine:latest
#4 DONE 0.3s

#3 [internal] load metadata for docker.io/library/golang:1.23-alpine
#3 DONE 0.3s

#5 [internal] load .dockerignore
#5 transferring context: 2B done
#5 DONE 0.0s

#6 [builder 1/6] FROM docker.io/library/golang:1.23-alpine@sha256:383395b794dffa5b53012a212365d40c8e37109a626ca30d6151c8348d380b5f
#6 DONE 0.0s

#7 [stage-1 1/3] FROM docker.io/library/alpine:latest@sha256:28bd5fe8b56d1bd048e5babf5b10710ebe0bae67db86916198a6eec434943f8b
#7 DONE 0.0s

#8 [stage-1 2/3] WORKDIR /app
#8 CACHED

#9 [internal] load build context
#9 transferring context: 2.58kB done
#9 DONE 0.0s

#10 [builder 2/6] WORKDIR /app
#10 CACHED

#11 [builder 3/6] COPY go.mod go.sum ./
#11 CACHED

#12 [builder 4/6] RUN go mod download
#12 0.090 go: go.mod requires go >= 1.26.4 (running go 1.23.12; GOTOOLCHAIN=local)
#12 ERROR: process "/bin/sh -c go mod download" did not complete successfully: exit code: 1
------
 > [builder 4/6] RUN go mod download:
0.090 go: go.mod requires go >= 1.26.4 (running go 1.23.12; GOTOOLCHAIN=local)
------
Dockerfile:7

--------------------

   5 |     # Download dependencies first for better caching

   6 |     COPY go.mod go.sum ./

   7 | >>> RUN go mod download

   8 |     

   9 |     # Copy the rest of the source code

--------------------

failed to solve: process "/bin/sh -c go mod download" did not complete successfully: exit code: 1

